
Starting Nmap 6.40 ( http://nmap.org ) at 2018-04-12 12:25 CST
Nmap scan report for 192.168.200.4
Host is up.
PORT     STATE    SERVICE
8012/tcp filtered unknown
8024/tcp filtered unknown
8031/tcp filtered unknown
8080/tcp filtered http-proxy
8081/tcp filtered blackice-icecap
8092/tcp filtered unknown
8096/tcp filtered unknown
8391/tcp filtered unknown
8590/tcp filtered unknown
8591/tcp filtered unknown
8990/tcp filtered unknown
9002/tcp filtered dynamid
9223/tcp filtered unknown

Nmap scan report for 192.168.200.3
Host is up.
PORT     STATE    SERVICE
8012/tcp filtered unknown
8024/tcp filtered unknown
8031/tcp filtered unknown
8080/tcp filtered http-proxy
8081/tcp filtered blackice-icecap
8092/tcp filtered unknown
8096/tcp filtered unknown
8391/tcp filtered unknown
8590/tcp filtered unknown
8591/tcp filtered unknown
8990/tcp filtered unknown
9002/tcp filtered dynamid
9223/tcp filtered unknown

Nmap done: 2 IP addresses (2 hosts up) scanned in 7.08 seconds
